[debug] [2022-08-31T10:47:18.412Z] ----------------------------------------------------------------------
[debug] [2022-08-31T10:47:18.414Z] Command:       C:\Program Files\nodejs\node.exe C:\Program Files\nodejs\node_modules\firebase-tools\lib\bin\firebase.js init
[debug] [2022-08-31T10:47:18.415Z] CLI Version:   11.8.0
[debug] [2022-08-31T10:47:18.415Z] Platform:      win32
[debug] [2022-08-31T10:47:18.415Z] Node Version:  v16.17.0
[debug] [2022-08-31T10:47:18.426Z] Time:          Wed Aug 31 2022 20:47:18 GMT+1000 (Australian Eastern Standard Time)
[debug] [2022-08-31T10:47:18.427Z] ----------------------------------------------------------------------
[debug] 
[debug] [2022-08-31T10:47:18.438Z] >>> [apiv2][query] GET https://firebase-public.firebaseio.com/cli.json [none]
[debug] [2022-08-31T10:47:18.459Z] > command requires scopes: ["email","openid","https://www.googleapis.com/auth/cloudplatformprojects.readonly","https://www.googleapis.com/auth/firebase","https://www.googleapis.com/auth/cloud-platform"]
[debug] [2022-08-31T10:47:18.460Z] > authorizing via signed-in user (phenixfinance.development@gmail.com)
[info] 
     ######## #### ########  ######## ########     ###     ######  ########
     ##        ##  ##     ## ##       ##     ##  ##   ##  ##       ##
     ######    ##  ########  ######   ########  #########  ######  ######
     ##        ##  ##    ##  ##       ##     ## ##     ##       ## ##
     ##       #### ##     ## ######## ########  ##     ##  ######  ########

You're about to initialize a Firebase project in this directory:

  C:\Users\jakey\Repos\GLSE\server

[debug] [2022-08-31T10:47:18.996Z] <<< [apiv2][status] GET https://firebase-public.firebaseio.com/cli.json 200
[debug] [2022-08-31T10:47:18.996Z] <<< [apiv2][body] GET https://firebase-public.firebaseio.com/cli.json {"cloudBuildErrorAfter":1594252800000,"cloudBuildWarnAfter":1590019200000,"defaultNode10After":1594252800000,"minVersion":"3.0.5","node8DeploysDisabledAfter":1613390400000,"node8RuntimeDisabledAfter":1615809600000,"node8WarnAfter":1600128000000}
